android/app/build/intermediates/manifest_merge_blame_file/debug/manifest-merger-blame-debug-report.txt
1<?xml version="1.0" encoding="utf-8"?>
2<manifest xmlns:android="http://schemas.android.com/apk/res/android"
3    package="com.pinewraps.app"
4    android:versionCode="3"
5    android:versionName="1.0.2" >
6
7    <uses-sdk
8        android:minSdkVersion="23"
9        android:targetSdkVersion="35" />
10    <!--
11         The INTERNET permission is required for development. Specifically,
12         the Flutter tool needs it to communicate with the running application
13         to allow setting breakpoints, to provide hot reload, etc.
14    -->
15    <uses-permission android:name="android.permission.INTERNET" />
15-->src/main/AndroidManifest.xml:4:5-66
15-->src/main/AndroidManifest.xml:4:22-64
16    <uses-permission android:name="android.permission.VIBRATE" />
16-->src/main/AndroidManifest.xml:5:5-66
16-->src/main/AndroidManifest.xml:5:22-63
17    <uses-permission android:name="android.permission.RECEIVE_BOOT_COMPLETED" />
17-->src/main/AndroidManifest.xml:6:5-80
17-->src/main/AndroidManifest.xml:6:22-78
18    <uses-permission android:name="android.permission.WAKE_LOCK" />
18-->src/main/AndroidManifest.xml:7:5-67
18-->src/main/AndroidManifest.xml:7:22-65
19    <uses-permission android:name="android.permission.POST_NOTIFICATIONS" />
19-->src/main/AndroidManifest.xml:8:5-76
19-->src/main/AndroidManifest.xml:8:22-74
20
21    <queries>
21-->src/main/AndroidManifest.xml:88:5-93:15
22        <intent>
22-->src/main/AndroidManifest.xml:89:9-92:18
23            <action android:name="android.intent.action.PROCESS_TEXT" />
23-->src/main/AndroidManifest.xml:90:13-72
23-->src/main/AndroidManifest.xml:90:21-70
24
25            <data android:mimeType="text/plain" />
25-->src/main/AndroidManifest.xml:91:13-50
25-->src/main/AndroidManifest.xml:91:19-48
26        </intent>
27    </queries>
28
29    <uses-permission android:name="android.permission.ACCESS_NETWORK_STATE" />
29-->[:firebase_messaging] AndroidManifest.xml:9:5-79
29-->[:firebase_messaging] AndroidManifest.xml:9:22-76
30    <uses-permission android:name="com.google.android.finsky.permission.BIND_GET_INSTALL_REFERRER_SERVICE" />
30-->[com.google.android.gms:play-services-measurement:22.4.0] AndroidManifest.xml:26:5-110
30-->[com.google.android.gms:play-services-measurement:22.4.0] AndroidManifest.xml:26:22-107
31    <uses-permission android:name="com.google.android.gms.permission.AD_ID" />
31-->[com.google.android.gms:play-services-measurement-api:22.4.0] AndroidManifest.xml:25:5-79
31-->[com.google.android.gms:play-services-measurement-api:22.4.0] AndroidManifest.xml:25:22-76
32    <uses-permission android:name="android.permission.ACCESS_ADSERVICES_ATTRIBUTION" />
32-->[com.google.android.gms:play-services-measurement-api:22.4.0] AndroidManifest.xml:26:5-88
32-->[com.google.android.gms:play-services-measurement-api:22.4.0] AndroidManifest.xml:26:22-85
33    <uses-permission android:name="android.permission.ACCESS_ADSERVICES_AD_ID" />
33-->[com.google.android.gms:play-services-measurement-api:22.4.0] AndroidManifest.xml:27:5-82
33-->[com.google.android.gms:play-services-measurement-api:22.4.0] AndroidManifest.xml:27:22-79
34    <uses-permission android:name="com.google.android.providers.gsf.permission.READ_GSERVICES" /> <!-- Required by older versions of Google Play services to create IID tokens -->
34-->[com.google.android.recaptcha:recaptcha:18.6.1] AndroidManifest.xml:9:5-98
34-->[com.google.android.recaptcha:recaptcha:18.6.1] AndroidManifest.xml:9:22-95
35    <uses-permission android:name="com.google.android.c2dm.permission.RECEIVE" />
35-->[com.google.firebase:firebase-messaging:24.1.1] AndroidManifest.xml:26:5-82
35-->[com.google.firebase:firebase-messaging:24.1.1] AndroidManifest.xml:26:22-79
36
37    <permission
37-->[androidx.core:core:1.13.1] AndroidManifest.xml:22:5-24:47
38        android:name="com.pinewraps.app.DYNAMIC_RECEIVER_NOT_EXPORTED_PERMISSION"
38-->[androidx.core:core:1.13.1] AndroidManifest.xml:23:9-81
39        android:protectionLevel="signature" />
39-->[androidx.core:core:1.13.1] AndroidManifest.xml:24:9-44
40
41    <uses-permission android:name="com.pinewraps.app.DYNAMIC_RECEIVER_NOT_EXPORTED_PERMISSION" />
41-->[androidx.core:core:1.13.1] AndroidManifest.xml:26:5-97
41-->[androidx.core:core:1.13.1] AndroidManifest.xml:26:22-94
42
43    <application
44        android:name="android.app.Application"
45        android:appComponentFactory="androidx.core.app.CoreComponentFactory"
45-->[androidx.core:core:1.13.1] AndroidManifest.xml:28:18-86
46        android:debuggable="true"
47        android:enableOnBackInvokedCallback="true"
48        android:extractNativeLibs="false"
49        android:icon="@mipmap/ic_launcher"
50        android:label="Pine Wraps" >
51        <activity
52            android:name="com.pinewraps.app.MainActivity"
53            android:configChanges="orientation|keyboardHidden|keyboard|screenSize|smallestScreenSize|locale|layoutDirection|fontScale|screenLayout|density|uiMode"
54            android:exported="true"
55            android:hardwareAccelerated="true"
56            android:launchMode="singleTop"
57            android:taskAffinity=""
58            android:theme="@style/LaunchTheme"
59            android:windowSoftInputMode="adjustResize" >
60            <meta-data
61                android:name="io.flutter.embedding.android.NormalTheme"
62                android:resource="@style/NormalTheme" />
63
64            <!-- App launch -->
65            <intent-filter>
66                <action android:name="android.intent.action.MAIN" />
67
68                <category android:name="android.intent.category.LAUNCHER" />
69            </intent-filter>
70
71            <!-- Deep linking -->
72            <intent-filter android:autoVerify="true" >
73                <action android:name="android.intent.action.VIEW" />
73-->[com.google.firebase:firebase-auth:23.2.0] AndroidManifest.xml:36:17-69
73-->[com.google.firebase:firebase-auth:23.2.0] AndroidManifest.xml:36:25-66
74
75                <category android:name="android.intent.category.DEFAULT" />
75-->[com.google.firebase:firebase-auth:23.2.0] AndroidManifest.xml:38:17-76
75-->[com.google.firebase:firebase-auth:23.2.0] AndroidManifest.xml:38:27-73
76                <category android:name="android.intent.category.BROWSABLE" />
76-->[com.google.firebase:firebase-auth:23.2.0] AndroidManifest.xml:39:17-78
76-->[com.google.firebase:firebase-auth:23.2.0] AndroidManifest.xml:39:27-75
77                <!-- Deep links -->
78                <data
78-->src/main/AndroidManifest.xml:91:13-50
79                    android:host="payment"
80                    android:pathPattern="/.*"
81                    android:scheme="pinewraps" />
82            </intent-filter>
83
84            <!-- Add URL scheme handling -->
85            <intent-filter>
86                <action android:name="android.intent.action.VIEW" />
86-->[com.google.firebase:firebase-auth:23.2.0] AndroidManifest.xml:36:17-69
86-->[com.google.firebase:firebase-auth:23.2.0] AndroidManifest.xml:36:25-66
87
88                <category android:name="android.intent.category.DEFAULT" />
88-->[com.google.firebase:firebase-auth:23.2.0] AndroidManifest.xml:38:17-76
88-->[com.google.firebase:firebase-auth:23.2.0] AndroidManifest.xml:38:27-73
89                <category android:name="android.intent.category.BROWSABLE" />
89-->[com.google.firebase:firebase-auth:23.2.0] AndroidManifest.xml:39:17-78
89-->[com.google.firebase:firebase-auth:23.2.0] AndroidManifest.xml:39:27-75
90                <!-- Add whatsapp scheme -->
91                <data android:scheme="whatsapp" />
91-->src/main/AndroidManifest.xml:91:13-50
92            </intent-filter>
93        </activity>
94
95        <!-- Firebase Messaging Service -->
96        <service
97            android:name="io.flutter.plugins.firebase.messaging.FlutterFirebaseMessagingService"
98            android:exported="false" >
99            <intent-filter>
99-->[com.google.firebase:firebase-messaging:24.1.1] AndroidManifest.xml:50:13-52:29
100                <action android:name="com.google.firebase.MESSAGING_EVENT" />
100-->[com.google.firebase:firebase-messaging:24.1.1] AndroidManifest.xml:51:17-78
100-->[com.google.firebase:firebase-messaging:24.1.1] AndroidManifest.xml:51:25-75
101            </intent-filter>
102        </service>
103
104        <!-- Firebase Messaging Receiver for notifications when app is in background -->
105        <receiver
106            android:name="io.flutter.plugins.firebase.messaging.FlutterFirebaseMessagingReceiver"
107            android:exported="true"
108            android:permission="com.google.android.c2dm.permission.SEND" >
109            <intent-filter>
109-->[com.google.firebase:firebase-messaging:24.1.1] AndroidManifest.xml:33:13-35:29
110                <action android:name="com.google.android.c2dm.intent.RECEIVE" />
110-->[com.google.firebase:firebase-messaging:24.1.1] AndroidManifest.xml:34:17-81
110-->[com.google.firebase:firebase-messaging:24.1.1] AndroidManifest.xml:34:25-78
111            </intent-filter>
112        </receiver>
113
114        <!-- For Flutter Local Notifications Plugin -->
115        <!-- Removing these receivers as we're only using Firebase notifications -->
116
117        <meta-data
118            android:name="flutterEmbedding"
119            android:value="2" />
120        <meta-data
121            android:name="com.google.android.gms.version"
122            android:value="@integer/google_play_services_version" />
123
124        <service
124-->[:firebase_auth] AndroidManifest.xml:8:9-12:19
125            android:name="com.google.firebase.components.ComponentDiscoveryService"
125-->[:firebase_auth] AndroidManifest.xml:8:18-89
126            android:directBootAware="true"
126-->[com.google.firebase:firebase-common:21.0.0] AndroidManifest.xml:32:13-43
127            android:exported="false" >
127-->[com.google.firebase:firebase-auth:23.2.0] AndroidManifest.xml:68:13-37
128            <meta-data
128-->[:firebase_auth] AndroidManifest.xml:9:13-11:85
129                android:name="com.google.firebase.components:io.flutter.plugins.firebase.auth.FlutterFirebaseAuthRegistrar"
129-->[:firebase_auth] AndroidManifest.xml:10:17-124
130                android:value="com.google.firebase.components.ComponentRegistrar" />
130-->[:firebase_auth] AndroidManifest.xml:11:17-82
131            <meta-data
131-->[:firebase_messaging] AndroidManifest.xml:36:13-38:85
132                android:name="com.google.firebase.components:io.flutter.plugins.firebase.messaging.FlutterFirebaseAppRegistrar"
132-->[:firebase_messaging] AndroidManifest.xml:37:17-128
133                android:value="com.google.firebase.components.ComponentRegistrar" />
133-->[:firebase_messaging] AndroidManifest.xml:38:17-82
134            <meta-data
134-->[:firebase_core] AndroidManifest.xml:9:13-11:85
135                android:name="com.google.firebase.components:io.flutter.plugins.firebase.core.FlutterFirebaseCoreRegistrar"
135-->[:firebase_core] AndroidManifest.xml:10:17-124
136                android:value="com.google.firebase.components.ComponentRegistrar" />
136-->[:firebase_core] AndroidManifest.xml:11:17-82
137            <meta-data
137-->[com.google.firebase:firebase-auth:23.2.0] AndroidManifest.xml:69:13-71:85
138                android:name="com.google.firebase.components:com.google.firebase.auth.FirebaseAuthRegistrar"
138-->[com.google.firebase:firebase-auth:23.2.0] AndroidManifest.xml:70:17-109
139                android:value="com.google.firebase.components.ComponentRegistrar" />
139-->[com.google.firebase:firebase-auth:23.2.0] AndroidManifest.xml:71:17-82
140            <meta-data
140-->[com.google.android.gms:play-services-measurement-api:22.4.0] AndroidManifest.xml:33:13-35:85
141                android:name="com.google.firebase.components:com.google.firebase.analytics.connector.internal.AnalyticsConnectorRegistrar"
141-->[com.google.android.gms:play-services-measurement-api:22.4.0] AndroidManifest.xml:34:17-139
142                android:value="com.google.firebase.components.ComponentRegistrar" />
142-->[com.google.android.gms:play-services-measurement-api:22.4.0] AndroidManifest.xml:35:17-82
143            <meta-data
143-->[com.google.firebase:firebase-messaging:24.1.1] AndroidManifest.xml:57:13-59:85
144                android:name="com.google.firebase.components:com.google.firebase.messaging.FirebaseMessagingKtxRegistrar"
144-->[com.google.firebase:firebase-messaging:24.1.1] AndroidManifest.xml:58:17-122
145                android:value="com.google.firebase.components.ComponentRegistrar" />
145-->[com.google.firebase:firebase-messaging:24.1.1] AndroidManifest.xml:59:17-82
146            <meta-data
146-->[com.google.firebase:firebase-messaging:24.1.1] AndroidManifest.xml:60:13-62:85
147                android:name="com.google.firebase.components:com.google.firebase.messaging.FirebaseMessagingRegistrar"
147-->[com.google.firebase:firebase-messaging:24.1.1] AndroidManifest.xml:61:17-119
148                android:value="com.google.firebase.components.ComponentRegistrar" />
148-->[com.google.firebase:firebase-messaging:24.1.1] AndroidManifest.xml:62:17-82
149            <meta-data
149-->[com.google.firebase:firebase-installations:18.0.0] AndroidManifest.xml:15:13-17:85
150                android:name="com.google.firebase.components:com.google.firebase.installations.FirebaseInstallationsKtxRegistrar"
150-->[com.google.firebase:firebase-installations:18.0.0] AndroidManifest.xml:16:17-130
151                android:value="com.google.firebase.components.ComponentRegistrar" />
151-->[com.google.firebase:firebase-installations:18.0.0] AndroidManifest.xml:17:17-82
152            <meta-data
152-->[com.google.firebase:firebase-installations:18.0.0] AndroidManifest.xml:18:13-20:85
153                android:name="com.google.firebase.components:com.google.firebase.installations.FirebaseInstallationsRegistrar"
153-->[com.google.firebase:firebase-installations:18.0.0] AndroidManifest.xml:19:17-127
154                android:value="com.google.firebase.components.ComponentRegistrar" />
154-->[com.google.firebase:firebase-installations:18.0.0] AndroidManifest.xml:20:17-82
155            <meta-data
155-->[com.google.firebase:firebase-common-ktx:21.0.0] AndroidManifest.xml:12:13-14:85
156                android:name="com.google.firebase.components:com.google.firebase.ktx.FirebaseCommonLegacyRegistrar"
156-->[com.google.firebase:firebase-common-ktx:21.0.0] AndroidManifest.xml:13:17-116
157                android:value="com.google.firebase.components.ComponentRegistrar" />
157-->[com.google.firebase:firebase-common-ktx:21.0.0] AndroidManifest.xml:14:17-82
158            <meta-data
158-->[com.google.firebase:firebase-common:21.0.0] AndroidManifest.xml:35:13-37:85
159                android:name="com.google.firebase.components:com.google.firebase.FirebaseCommonKtxRegistrar"
159-->[com.google.firebase:firebase-common:21.0.0] AndroidManifest.xml:36:17-109
160                android:value="com.google.firebase.components.ComponentRegistrar" />
160-->[com.google.firebase:firebase-common:21.0.0] AndroidManifest.xml:37:17-82
161            <meta-data
161-->[com.google.firebase:firebase-datatransport:18.2.0] AndroidManifest.xml:25:13-27:85
162                android:name="com.google.firebase.components:com.google.firebase.datatransport.TransportRegistrar"
162-->[com.google.firebase:firebase-datatransport:18.2.0] AndroidManifest.xml:26:17-115
163                android:value="com.google.firebase.components.ComponentRegistrar" />
163-->[com.google.firebase:firebase-datatransport:18.2.0] AndroidManifest.xml:27:17-82
164        </service>
165        <service
165-->[:firebase_messaging] AndroidManifest.xml:14:9-17:72
166            android:name="io.flutter.plugins.firebase.messaging.FlutterFirebaseMessagingBackgroundService"
166-->[:firebase_messaging] AndroidManifest.xml:15:13-107
167            android:exported="false"
167-->[:firebase_messaging] AndroidManifest.xml:16:13-37
168            android:permission="android.permission.BIND_JOB_SERVICE" />
168-->[:firebase_messaging] AndroidManifest.xml:17:13-69
169
170        <provider
170-->[:firebase_messaging] AndroidManifest.xml:41:9-45:38
171            android:name="io.flutter.plugins.firebase.messaging.FlutterFirebaseMessagingInitProvider"
171-->[:firebase_messaging] AndroidManifest.xml:42:13-102
172            android:authorities="com.pinewraps.app.flutterfirebasemessaginginitprovider"
172-->[:firebase_messaging] AndroidManifest.xml:43:13-88
173            android:exported="false"
173-->[:firebase_messaging] AndroidManifest.xml:44:13-37
174            android:initOrder="99" />
174-->[:firebase_messaging] AndroidManifest.xml:45:13-35
175
176        <activity
176-->[com.google.firebase:firebase-auth:23.2.0] AndroidManifest.xml:29:9-46:20
177            android:name="com.google.firebase.auth.internal.GenericIdpActivity"
177-->[com.google.firebase:firebase-auth:23.2.0] AndroidManifest.xml:30:13-80
178            android:excludeFromRecents="true"
178-->[com.google.firebase:firebase-auth:23.2.0] AndroidManifest.xml:31:13-46
179            android:exported="true"
179-->[com.google.firebase:firebase-auth:23.2.0] AndroidManifest.xml:32:13-36
180            android:launchMode="singleTask"
180-->[com.google.firebase:firebase-auth:23.2.0] AndroidManifest.xml:33:13-44
181            android:theme="@android:style/Theme.Translucent.NoTitleBar" >
181-->[com.google.firebase:firebase-auth:23.2.0] AndroidManifest.xml:34:13-72
182            <intent-filter>
182-->[com.google.firebase:firebase-auth:23.2.0] AndroidManifest.xml:35:13-45:29
183                <action android:name="android.intent.action.VIEW" />
183-->[com.google.firebase:firebase-auth:23.2.0] AndroidManifest.xml:36:17-69
183-->[com.google.firebase:firebase-auth:23.2.0] AndroidManifest.xml:36:25-66
184
185                <category android:name="android.intent.category.DEFAULT" />
185-->[com.google.firebase:firebase-auth:23.2.0] AndroidManifest.xml:38:17-76
185-->[com.google.firebase:firebase-auth:23.2.0] AndroidManifest.xml:38:27-73
186                <category android:name="android.intent.category.BROWSABLE" />
186-->[com.google.firebase:firebase-auth:23.2.0] AndroidManifest.xml:39:17-78
186-->[com.google.firebase:firebase-auth:23.2.0] AndroidManifest.xml:39:27-75
187
188                <data
188-->src/main/AndroidManifest.xml:91:13-50
189                    android:host="firebase.auth"
190                    android:path="/"
191                    android:scheme="genericidp" />
192            </intent-filter>
193        </activity>
194        <activity
194-->[com.google.firebase:firebase-auth:23.2.0] AndroidManifest.xml:47:9-64:20
195            android:name="com.google.firebase.auth.internal.RecaptchaActivity"
195-->[com.google.firebase:firebase-auth:23.2.0] AndroidManifest.xml:48:13-79
196            android:excludeFromRecents="true"
196-->[com.google.firebase:firebase-auth:23.2.0] AndroidManifest.xml:49:13-46
197            android:exported="true"
197-->[com.google.firebase:firebase-auth:23.2.0] AndroidManifest.xml:50:13-36
198            android:launchMode="singleTask"
198-->[com.google.firebase:firebase-auth:23.2.0] AndroidManifest.xml:51:13-44
199            android:theme="@android:style/Theme.Translucent.NoTitleBar" >
199-->[com.google.firebase:firebase-auth:23.2.0] AndroidManifest.xml:52:13-72
200            <intent-filter>
200-->[com.google.firebase:firebase-auth:23.2.0] AndroidManifest.xml:53:13-63:29
201                <action android:name="android.intent.action.VIEW" />
201-->[com.google.firebase:firebase-auth:23.2.0] AndroidManifest.xml:36:17-69
201-->[com.google.firebase:firebase-auth:23.2.0] AndroidManifest.xml:36:25-66
202
203                <category android:name="android.intent.category.DEFAULT" />
203-->[com.google.firebase:firebase-auth:23.2.0] AndroidManifest.xml:38:17-76
203-->[com.google.firebase:firebase-auth:23.2.0] AndroidManifest.xml:38:27-73
204                <category android:name="android.intent.category.BROWSABLE" />
204-->[com.google.firebase:firebase-auth:23.2.0] AndroidManifest.xml:39:17-78
204-->[com.google.firebase:firebase-auth:23.2.0] AndroidManifest.xml:39:27-75
205
206                <data
206-->src/main/AndroidManifest.xml:91:13-50
207                    android:host="firebase.auth"
208                    android:path="/"
209                    android:scheme="recaptcha" />
210            </intent-filter>
211        </activity>
212        <activity
212-->[:url_launcher_android] AndroidManifest.xml:8:9-11:74
213            android:name="io.flutter.plugins.urllauncher.WebViewActivity"
213-->[:url_launcher_android] AndroidManifest.xml:9:13-74
214            android:exported="false"
214-->[:url_launcher_android] AndroidManifest.xml:10:13-37
215            android:theme="@android:style/Theme.NoTitleBar.Fullscreen" />
215-->[:url_launcher_android] AndroidManifest.xml:11:13-71
216
217        <uses-library
217-->[androidx.window:window:1.2.0] AndroidManifest.xml:23:9-25:40
218            android:name="androidx.window.extensions"
218-->[androidx.window:window:1.2.0] AndroidManifest.xml:24:13-54
219            android:required="false" />
219-->[androidx.window:window:1.2.0] AndroidManifest.xml:25:13-37
220        <uses-library
220-->[androidx.window:window:1.2.0] AndroidManifest.xml:26:9-28:40
221            android:name="androidx.window.sidecar"
221-->[androidx.window:window:1.2.0] AndroidManifest.xml:27:13-51
222            android:required="false" />
222-->[androidx.window:window:1.2.0] AndroidManifest.xml:28:13-37
223
224        <service
224-->[androidx.credentials:credentials-play-services-auth:1.2.0-rc01] AndroidManifest.xml:24:9-32:19
225            android:name="androidx.credentials.playservices.CredentialProviderMetadataHolder"
225-->[androidx.credentials:credentials-play-services-auth:1.2.0-rc01] AndroidManifest.xml:25:13-94
226            android:enabled="true"
226-->[androidx.credentials:credentials-play-services-auth:1.2.0-rc01] AndroidManifest.xml:26:13-35
227            android:exported="false" >
227-->[androidx.credentials:credentials-play-services-auth:1.2.0-rc01] AndroidManifest.xml:27:13-37
228            <meta-data
228-->[androidx.credentials:credentials-play-services-auth:1.2.0-rc01] AndroidManifest.xml:29:13-31:104
229                android:name="androidx.credentials.CREDENTIAL_PROVIDER_KEY"
229-->[androidx.credentials:credentials-play-services-auth:1.2.0-rc01] AndroidManifest.xml:30:17-76
230                android:value="androidx.credentials.playservices.CredentialProviderPlayServicesImpl" />
230-->[androidx.credentials:credentials-play-services-auth:1.2.0-rc01] AndroidManifest.xml:31:17-101
231        </service>
232
233        <activity
233-->[androidx.credentials:credentials-play-services-auth:1.2.0-rc01] AndroidManifest.xml:34:9-41:20
234            android:name="androidx.credentials.playservices.HiddenActivity"
234-->[androidx.credentials:credentials-play-services-auth:1.2.0-rc01] AndroidManifest.xml:35:13-76
235            android:configChanges="orientation|screenSize|screenLayout|keyboardHidden"
235-->[androidx.credentials:credentials-play-services-auth:1.2.0-rc01] AndroidManifest.xml:36:13-87
236            android:enabled="true"
236-->[androidx.credentials:credentials-play-services-auth:1.2.0-rc01] AndroidManifest.xml:37:13-35
237            android:exported="false"
237-->[androidx.credentials:credentials-play-services-auth:1.2.0-rc01] AndroidManifest.xml:38:13-37
238            android:fitsSystemWindows="true"
238-->[androidx.credentials:credentials-play-services-auth:1.2.0-rc01] AndroidManifest.xml:39:13-45
239            android:theme="@style/Theme.Hidden" >
239-->[androidx.credentials:credentials-play-services-auth:1.2.0-rc01] AndroidManifest.xml:40:13-48
240        </activity>
241        <activity
241-->[com.google.android.gms:play-services-auth:21.0.0] AndroidManifest.xml:23:9-27:75
242            android:name="com.google.android.gms.auth.api.signin.internal.SignInHubActivity"
242-->[com.google.android.gms:play-services-auth:21.0.0] AndroidManifest.xml:24:13-93
243            android:excludeFromRecents="true"
243-->[com.google.android.gms:play-services-auth:21.0.0] AndroidManifest.xml:25:13-46
244            android:exported="false"
244-->[com.google.android.gms:play-services-auth:21.0.0] AndroidManifest.xml:26:13-37
245            android:theme="@android:style/Theme.Translucent.NoTitleBar" />
245-->[com.google.android.gms:play-services-auth:21.0.0] AndroidManifest.xml:27:13-72
246        <!--
247            Service handling Google Sign-In user revocation. For apps that do not integrate with
248            Google Sign-In, this service will never be started.
249        -->
250        <service
250-->[com.google.android.gms:play-services-auth:21.0.0] AndroidManifest.xml:33:9-37:51
251            android:name="com.google.android.gms.auth.api.signin.RevocationBoundService"
251-->[com.google.android.gms:play-services-auth:21.0.0] AndroidManifest.xml:34:13-89
252            android:exported="true"
252-->[com.google.android.gms:play-services-auth:21.0.0] AndroidManifest.xml:35:13-36
253            android:permission="com.google.android.gms.auth.api.signin.permission.REVOCATION_NOTIFICATION"
253-->[com.google.android.gms:play-services-auth:21.0.0] AndroidManifest.xml:36:13-107
254            android:visibleToInstantApps="true" />
254-->[com.google.android.gms:play-services-auth:21.0.0] AndroidManifest.xml:37:13-48
255
256        <receiver
256-->[com.google.android.gms:play-services-measurement:22.4.0] AndroidManifest.xml:29:9-33:20
257            android:name="com.google.android.gms.measurement.AppMeasurementReceiver"
257-->[com.google.android.gms:play-services-measurement:22.4.0] AndroidManifest.xml:30:13-85
258            android:enabled="true"
258-->[com.google.android.gms:play-services-measurement:22.4.0] AndroidManifest.xml:31:13-35
259            android:exported="false" >
259-->[com.google.android.gms:play-services-measurement:22.4.0] AndroidManifest.xml:32:13-37
260        </receiver>
261
262        <service
262-->[com.google.android.gms:play-services-measurement:22.4.0] AndroidManifest.xml:35:9-38:40
263            android:name="com.google.android.gms.measurement.AppMeasurementService"
263-->[com.google.android.gms:play-services-measurement:22.4.0] AndroidManifest.xml:36:13-84
264            android:enabled="true"
264-->[com.google.android.gms:play-services-measurement:22.4.0] AndroidManifest.xml:37:13-35
265            android:exported="false" />
265-->[com.google.android.gms:play-services-measurement:22.4.0] AndroidManifest.xml:38:13-37
266        <service
266-->[com.google.android.gms:play-services-measurement:22.4.0] AndroidManifest.xml:39:9-43:72
267            android:name="com.google.android.gms.measurement.AppMeasurementJobService"
267-->[com.google.android.gms:play-services-measurement:22.4.0] AndroidManifest.xml:40:13-87
268            android:enabled="true"
268-->[com.google.android.gms:play-services-measurement:22.4.0] AndroidManifest.xml:41:13-35
269            android:exported="false"
269-->[com.google.android.gms:play-services-measurement:22.4.0] AndroidManifest.xml:42:13-37
270            android:permission="android.permission.BIND_JOB_SERVICE" />
270-->[com.google.android.gms:play-services-measurement:22.4.0] AndroidManifest.xml:43:13-69
271
272        <receiver
272-->[com.google.firebase:firebase-messaging:24.1.1] AndroidManifest.xml:29:9-40:20
273            android:name="com.google.firebase.iid.FirebaseInstanceIdReceiver"
273-->[com.google.firebase:firebase-messaging:24.1.1] AndroidManifest.xml:30:13-78
274            android:exported="true"
274-->[com.google.firebase:firebase-messaging:24.1.1] AndroidManifest.xml:31:13-36
275            android:permission="com.google.android.c2dm.permission.SEND" >
275-->[com.google.firebase:firebase-messaging:24.1.1] AndroidManifest.xml:32:13-73
276            <intent-filter>
276-->[com.google.firebase:firebase-messaging:24.1.1] AndroidManifest.xml:33:13-35:29
277                <action android:name="com.google.android.c2dm.intent.RECEIVE" />
277-->[com.google.firebase:firebase-messaging:24.1.1] AndroidManifest.xml:34:17-81
277-->[com.google.firebase:firebase-messaging:24.1.1] AndroidManifest.xml:34:25-78
278            </intent-filter>
279
280            <meta-data
280-->[com.google.firebase:firebase-messaging:24.1.1] AndroidManifest.xml:37:13-39:40
281                android:name="com.google.android.gms.cloudmessaging.FINISHED_AFTER_HANDLED"
281-->[com.google.firebase:firebase-messaging:24.1.1] AndroidManifest.xml:38:17-92
282                android:value="true" />
282-->[com.google.firebase:firebase-messaging:24.1.1] AndroidManifest.xml:39:17-37
283        </receiver>
284        <!--
285             FirebaseMessagingService performs security checks at runtime,
286             but set to not exported to explicitly avoid allowing another app to call it.
287        -->
288        <service
288-->[com.google.firebase:firebase-messaging:24.1.1] AndroidManifest.xml:46:9-53:19
289            android:name="com.google.firebase.messaging.FirebaseMessagingService"
289-->[com.google.firebase:firebase-messaging:24.1.1] AndroidManifest.xml:47:13-82
290            android:directBootAware="true"
290-->[com.google.firebase:firebase-messaging:24.1.1] AndroidManifest.xml:48:13-43
291            android:exported="false" >
291-->[com.google.firebase:firebase-messaging:24.1.1] AndroidManifest.xml:49:13-37
292            <intent-filter android:priority="-500" >
292-->[com.google.firebase:firebase-messaging:24.1.1] AndroidManifest.xml:50:13-52:29
292-->[com.google.firebase:firebase-messaging:24.1.1] AndroidManifest.xml:50:28-51
293                <action android:name="com.google.firebase.MESSAGING_EVENT" />
293-->[com.google.firebase:firebase-messaging:24.1.1] AndroidManifest.xml:51:17-78
293-->[com.google.firebase:firebase-messaging:24.1.1] AndroidManifest.xml:51:25-75
294            </intent-filter>